<?xml version="1.0" encoding="UTF-8"?>
<testng-results skipped="0" failed="0" ignored="0" total="1" passed="1">
  <reporter-output>
  </reporter-output>
  <suite name="Default suite" duration-ms="9132" started-at="2023-03-06T23:11:29 IST" finished-at="2023-03-06T23:11:38 IST">
    <groups>
    </groups>
    <test name="Default test" duration-ms="9132" started-at="2023-03-06T23:11:29 IST" finished-at="2023-03-06T23:11:38 IST">
      <class name="testScripts.Placeorder">
        <test-method status="PASS" signature="setup()[pri:0, instance:testScripts.Placeorder@17211155]" name="setup" is-config="true" duration-ms="6934" started-at="2023-03-06T23:11:29 IST" finished-at="2023-03-06T23:11:36 IST">
          <reporter-output>
          </reporter-output>
        </test-method> <!-- setup -->
        <test-method status="PASS" signature="addItemtoCart()[pri:0, instance:testScripts.Placeorder@17211155]" name="addItemtoCart" duration-ms="2147" started-at="2023-03-06T23:11:36 IST" finished-at="2023-03-06T23:11:38 IST">
          <reporter-output>
          </reporter-output>
        </test-method> <!-- addItemtoCart -->
      </class> <!-- testScripts.Placeorder -->
    </test> <!-- Default test -->
  </suite> <!-- Default suite -->
</testng-results>
